[10:43:12] [Server thread/INFO]: Starting minecraft server version 1.12.2
[10:43:12] [Server thread/INFO]: Loading properties
[10:43:12] [Server thread/INFO]: Default game type: SURVIVAL
[10:43:12] [Server thread/INFO]: This server is running CraftBukkit version git-Spigot-79a30d7-f4830a1 (MC: 1.12.2) (Implementing API version 1.12.2-R0.1-SNAPSHOT)
[10:43:12] [Server thread/INFO]: Debug logging is disabled
[10:43:12] [Server thread/INFO]: Server Ping Player Sample Count: 12

[10:43:12] [Server thread/INFO]: Using 4 threads for Netty based IO
[10:43:12] [Server thread/INFO]: Generating keypair
[10:43:12] [Server thread/INFO]: Starting Minecraft server on *:25565
[10:43:12] [Server thread/INFO]: Using default channel type
[10:43:12] [Server thread/INFO]: **** Beginning UUID conversion, this may take A LONG time ****
[10:43:12] [Server thread/INFO]: Preparing level "world"
[10:43:12] [Server thread/INFO]: -------- World Settings For [world] --------
[10:43:12] [Server thread/INFO]: Arrow Despawn Rate: 1200
[10:43:12] [Server thread/INFO]: Item Despawn Rate: 6000
[10:43:12] [Server thread/INFO]: Item Merge Radius: 2.5
[10:43:12] [Server thread/INFO]: Allow Zombie Pigmen to spawn from portal blocks: true
[10:43:12] [Server thread/INFO]: Zombie Aggressive Towards Villager: true
[10:43:12] [Server thread/INFO]: Experience Merge Radius: 3.0
[10:43:12] [Server thread/INFO]: View Distance: 10
[10:43:12] [Server thread/INFO]: Nerfing mobs spawned from spawners: false
[10:43:12] [Server thread/INFO]: Mob Spawn Range: 4
[10:43:12] [Server thread/INFO]: Entity Activation Range: An 32 / Mo 32 / Mi 16 / Tiv true
[10:43:12] [Server thread/INFO]: Cactus Growth Modifier: 100%
[10:43:12] [Server thread/INFO]: Cane Growth Modifier: 100%
[10:43:12] [Server thread/INFO]: Melon Growth Modifier: 100%
[10:43:12] [Server thread/INFO]: Mushroom Growth Modifier: 100%
[10:43:12] [Server thread/INFO]: Pumpkin Growth Modifier: 100%
[10:43:12] [Server thread/INFO]: Sapling Growth Modifier: 100%
[10:43:12] [Server thread/INFO]: Wheat Growth Modifier: 100%
[10:43:12] [Server thread/INFO]: NetherWart Growth Modifier: 100%
[10:43:12] [Server thread/INFO]: Vine Growth Modifier: 100%
[10:43:12] [Server thread/INFO]: Cocoa Growth Modifier: 100%
[10:43:12] [Server thread/INFO]: Hopper Transfer: 8 Hopper Check: 1 Hopper Amount: 1
[10:43:12] [Server thread/INFO]: Entity Tracking Range: Pl 48 / An 48 / Mo 48 / Mi 32 / Other 64
[10:43:12] [Server thread/INFO]: Random Lighting Updates: false
[10:43:12] [Server thread/INFO]: Structure Info Saving: true
[10:43:12] [Server thread/INFO]: Custom Map Seeds:  Village: 10387312 Feature: 14357617 Monument: 10387313 Slime: 987234911
[10:43:12] [Server thread/INFO]: Max TNT Explosions: 100
[10:43:12] [Server thread/INFO]: Tile Max Tick Time: 50ms Entity max Tick Time: 50ms
[10:43:13] [Server thread/INFO]: -------- World Settings For [world_nether] --------
[10:43:13] [Server thread/INFO]: Arrow Despawn Rate: 1200
[10:43:13] [Server thread/INFO]: Item Despawn Rate: 6000
[10:43:13] [Server thread/INFO]: Item Merge Radius: 2.5
[10:43:13] [Server thread/INFO]: Allow Zombie Pigmen to spawn from portal blocks: true
[10:43:13] [Server thread/INFO]: Zombie Aggressive Towards Villager: true
[10:43:13] [Server thread/INFO]: Experience Merge Radius: 3.0
[10:43:13] [Server thread/INFO]: View Distance: 10
[10:43:13] [Server thread/INFO]: Nerfing mobs spawned from spawners: false
[10:43:13] [Server thread/INFO]: Mob Spawn Range: 4
[10:43:13] [Server thread/INFO]: Entity Activation Range: An 32 / Mo 32 / Mi 16 / Tiv true
[10:43:13] [Server thread/INFO]: Cactus Growth Modifier: 100%
[10:43:13] [Server thread/INFO]: Cane Growth Modifier: 100%
[10:43:13] [Server thread/INFO]: Melon Growth Modifier: 100%
[10:43:13] [Server thread/INFO]: Mushroom Growth Modifier: 100%
[10:43:13] [Server thread/INFO]: Pumpkin Growth Modifier: 100%
[10:43:13] [Server thread/INFO]: Sapling Growth Modifier: 100%
[10:43:13] [Server thread/INFO]: Wheat Growth Modifier: 100%
[10:43:13] [Server thread/INFO]: NetherWart Growth Modifier: 100%
[10:43:13] [Server thread/INFO]: Vine Growth Modifier: 100%
[10:43:13] [Server thread/INFO]: Cocoa Growth Modifier: 100%
[10:43:13] [Server thread/INFO]: Hopper Transfer: 8 Hopper Check: 1 Hopper Amount: 1
[10:43:13] [Server thread/INFO]: Entity Tracking Range: Pl 48 / An 48 / Mo 48 / Mi 32 / Other 64
[10:43:13] [Server thread/INFO]: Random Lighting Updates: false
[10:43:13] [Server thread/INFO]: Structure Info Saving: true
[10:43:13] [Server thread/INFO]: Custom Map Seeds:  Village: 10387312 Feature: 14357617 Monument: 10387313 Slime: 987234911
[10:43:13] [Server thread/INFO]: Max TNT Explosions: 100
[10:43:13] [Server thread/INFO]: Tile Max Tick Time: 50ms Entity max Tick Time: 50ms
[10:43:13] [Server thread/INFO]: -------- World Settings For [world_the_end] --------
[10:43:13] [Server thread/INFO]: Arrow Despawn Rate: 1200
[10:43:13] [Server thread/INFO]: Item Despawn Rate: 6000
[10:43:13] [Server thread/INFO]: Item Merge Radius: 2.5
[10:43:13] [Server thread/INFO]: Allow Zombie Pigmen to spawn from portal blocks: true
[10:43:13] [Server thread/INFO]: Zombie Aggressive Towards Villager: true
[10:43:13] [Server thread/INFO]: Experience Merge Radius: 3.0
[10:43:13] [Server thread/INFO]: View Distance: 10
[10:43:13] [Server thread/INFO]: Nerfing mobs spawned from spawners: false
[10:43:13] [Server thread/INFO]: Mob Spawn Range: 4
[10:43:13] [Server thread/INFO]: Entity Activation Range: An 32 / Mo 32 / Mi 16 / Tiv true
[10:43:13] [Server thread/INFO]: Cactus Growth Modifier: 100%
[10:43:13] [Server thread/INFO]: Cane Growth Modifier: 100%
[10:43:13] [Server thread/INFO]: Melon Growth Modifier: 100%
[10:43:13] [Server thread/INFO]: Mushroom Growth Modifier: 100%
[10:43:13] [Server thread/INFO]: Pumpkin Growth Modifier: 100%
[10:43:13] [Server thread/INFO]: Sapling Growth Modifier: 100%
[10:43:13] [Server thread/INFO]: Wheat Growth Modifier: 100%
[10:43:13] [Server thread/INFO]: NetherWart Growth Modifier: 100%
[10:43:13] [Server thread/INFO]: Vine Growth Modifier: 100%
[10:43:13] [Server thread/INFO]: Cocoa Growth Modifier: 100%
[10:43:13] [Server thread/INFO]: Hopper Transfer: 8 Hopper Check: 1 Hopper Amount: 1
[10:43:13] [Server thread/INFO]: Entity Tracking Range: Pl 48 / An 48 / Mo 48 / Mi 32 / Other 64
[10:43:13] [Server thread/INFO]: Random Lighting Updates: false
[10:43:13] [Server thread/INFO]: Structure Info Saving: true
[10:43:13] [Server thread/INFO]: Custom Map Seeds:  Village: 10387312 Feature: 14357617 Monument: 10387313 Slime: 987234911
[10:43:13] [Server thread/INFO]: Max TNT Explosions: 100
[10:43:13] [Server thread/INFO]: Tile Max Tick Time: 50ms Entity max Tick Time: 50ms
[10:43:13] [Server thread/INFO]: Preparing start region for level 0 (Seed: -5808463740745735118)
[10:43:14] [Server thread/INFO]: Preparing spawn area: 15%
[10:43:15] [Server thread/INFO]: Preparing spawn area: 38%
[10:43:16] [Server thread/INFO]: Preparing spawn area: 60%
[10:43:17] [Server thread/INFO]: Preparing spawn area: 85%
[10:43:17] [Server thread/INFO]: Preparing start region for level 1 (Seed: -5808463740745735118)
[10:43:18] [Server thread/INFO]: Preparing spawn area: 27%
[10:43:19] [Server thread/INFO]: Preparing spawn area: 50%
[10:43:20] [Server thread/INFO]: Preparing spawn area: 75%
[10:43:21] [Server thread/INFO]: Preparing spawn area: 98%
[10:43:22] [Server thread/INFO]: Preparing start region for level 2 (Seed: -5808463740745735118)
[10:43:23] [Server thread/INFO]: Preparing spawn area: 77%
[10:43:23] [Server thread/INFO]: Done (10,549s)! For help, type "help" or "?"
[10:43:34] [Server thread/INFO]: Stopping the server
[10:43:34] [Server thread/INFO]: Stopping server
[10:43:34] [Server thread/INFO]: Saving players
[10:43:34] [Server thread/INFO]: Saving worlds
[10:43:34] [Server thread/INFO]: Saving chunks for level 'world'/overworld
[10:43:35] [Server thread/INFO]: Saving chunks for level 'world_nether'/the_nether
[10:43:35] [Server thread/INFO]: Saving chunks for level 'world_the_end'/the_end
